# Logfile created on Tue Aug 07 17:07:07 -0700 2007 by /
  [4;36;1mSQL (0.000000)[0m   [0;1mSQLite3::SQLException: no such table: chickens: DROP TABLE chickens[0m
  [4;35;1mSQL (0.005058)[0m   [0mCREATE TABLE chickens ("id" INTEGER PRIMARY KEY NOT NULL, "name" varchar(255) DEFAULT NULL, "age" integer DEFAULT NULL) [0m
  [4;36;1mSQL (0.002992)[0m   [0;1mCREATE TABLE schema_info (version integer)[0m
  [4;35;1mSQL (0.003351)[0m   [0mINSERT INTO schema_info (version) VALUES(0)[0m
  [4;36;1mSQL (0.075436)[0m   [0;1mUPDATE schema_info SET version = 0[0m
  [4;36;1mSQL (0.013855)[0m   [0;1mDROP TABLE chickens[0m
  [4;35;1mSQL (0.114017)[0m   [0mCREATE TABLE chickens ("id" INTEGER PRIMARY KEY NOT NULL, "name" varchar(255) DEFAULT NULL, "age" integer DEFAULT NULL) [0m
  [4;36;1mSQL (0.000000)[0m   [0;1mSQLite3::SQLException: table schema_info already exists: CREATE TABLE schema_info (version integer)[0m
  [4;35;1mSQL (0.002826)[0m   [0mUPDATE schema_info SET version = 0[0m
  [4;36;1mSQL (0.013920)[0m   [0;1mDROP TABLE chickens[0m
  [4;35;1mSQL (0.119236)[0m   [0mCREATE TABLE chickens ("id" INTEGER PRIMARY KEY NOT NULL, "name" varchar(255) DEFAULT NULL, "age" integer DEFAULT NULL) [0m
  [4;36;1mSQL (0.000000)[0m   [0;1mSQLite3::SQLException: table schema_info already exists: CREATE TABLE schema_info (version integer)[0m
  [4;35;1mSQL (0.002823)[0m   [0mUPDATE schema_info SET version = 0[0m
  [4;36;1mSQL (0.014244)[0m   [0;1mDROP TABLE chickens[0m
  [4;35;1mSQL (0.122462)[0m   [0mCREATE TABLE chickens ("id" INTEGER PRIMARY KEY NOT NULL, "name" varchar(255) DEFAULT NULL, "age" integer DEFAULT NULL) [0m
  [4;36;1mSQL (0.000000)[0m   [0;1mSQLite3::SQLException: table schema_info already exists: CREATE TABLE schema_info (version integer)[0m
  [4;35;1mSQL (0.002712)[0m   [0mUPDATE schema_info SET version = 0[0m
  [4;36;1mSQL (0.011813)[0m   [0;1mDROP TABLE chickens[0m
  [4;35;1mSQL (0.002356)[0m   [0mCREATE TABLE chickens ("id" INTEGER PRIMARY KEY NOT NULL, "name" varchar(255) DEFAULT NULL, "age" integer DEFAULT NULL) [0m
  [4;36;1mSQL (0.000000)[0m   [0;1mSQLite3::SQLException: table schema_info already exists: CREATE TABLE schema_info (version integer)[0m
  [4;35;1mSQL (0.002520)[0m   [0mUPDATE schema_info SET version = 0[0m
  [4;36;1mSQL (0.013836)[0m   [0;1mDROP TABLE chickens[0m
  [4;35;1mSQL (0.274776)[0m   [0mCREATE TABLE chickens ("id" INTEGER PRIMARY KEY NOT NULL, "name" varchar(255) DEFAULT NULL, "age" integer DEFAULT NULL) [0m
  [4;36;1mSQL (0.000000)[0m   [0;1mSQLite3::SQLException: table schema_info already exists: CREATE TABLE schema_info (version integer)[0m
  [4;35;1mSQL (0.002999)[0m   [0mUPDATE schema_info SET version = 0[0m
  [4;36;1mSQL (0.014323)[0m   [0;1mDROP TABLE chickens[0m
  [4;35;1mSQL (0.124230)[0m   [0mCREATE TABLE chickens ("id" INTEGER PRIMARY KEY NOT NULL, "name" varchar(255) DEFAULT NULL, "age" integer DEFAULT NULL) [0m
  [4;36;1mSQL (0.000000)[0m   [0;1mSQLite3::SQLException: table schema_info already exists: CREATE TABLE schema_info (version integer)[0m
  [4;35;1mSQL (0.003068)[0m   [0mUPDATE schema_info SET version = 0[0m
  [4;36;1mSQL (0.014220)[0m   [0;1mDROP TABLE chickens[0m
  [4;35;1mSQL (0.116655)[0m   [0mCREATE TABLE chickens ("id" INTEGER PRIMARY KEY NOT NULL, "name" varchar(255) DEFAULT NULL, "age" integer DEFAULT NULL) [0m
  [4;36;1mSQL (0.000000)[0m   [0;1mSQLite3::SQLException: table schema_info already exists: CREATE TABLE schema_info (version integer)[0m
  [4;35;1mSQL (0.002654)[0m   [0mUPDATE schema_info SET version = 0[0m
  [4;36;1mSQL (0.014494)[0m   [0;1mDROP TABLE chickens[0m
  [4;35;1mSQL (0.003116)[0m   [0mCREATE TABLE chickens ("id" INTEGER PRIMARY KEY NOT NULL, "name" varchar(255) DEFAULT NULL, "age" integer DEFAULT NULL) [0m
  [4;36;1mSQL (0.000000)[0m   [0;1mSQLite3::SQLException: table schema_info already exists: CREATE TABLE schema_info (version integer)[0m
  [4;35;1mSQL (0.003040)[0m   [0mUPDATE schema_info SET version = 0[0m
  [4;36;1mSQL (0.014208)[0m   [0;1mDROP TABLE chickens[0m
  [4;35;1mSQL (0.003271)[0m   [0mCREATE TABLE chickens ("id" INTEGER PRIMARY KEY NOT NULL, "name" varchar(255) DEFAULT NULL, "age" integer DEFAULT NULL) [0m
  [4;36;1mSQL (0.000000)[0m   [0;1mSQLite3::SQLException: table schema_info already exists: CREATE TABLE schema_info (version integer)[0m
  [4;35;1mSQL (0.003255)[0m   [0mUPDATE schema_info SET version = 0[0m
  [4;36;1mSQL (0.014115)[0m   [0;1mDROP TABLE chickens[0m
  [4;35;1mSQL (0.116912)[0m   [0mCREATE TABLE chickens ("id" INTEGER PRIMARY KEY NOT NULL, "name" varchar(255) DEFAULT NULL, "age" integer DEFAULT NULL) [0m
  [4;36;1mSQL (0.000000)[0m   [0;1mSQLite3::SQLException: table schema_info already exists: CREATE TABLE schema_info (version integer)[0m
  [4;35;1mSQL (0.002815)[0m   [0mUPDATE schema_info SET version = 0[0m
  [4;36;1mSQL (0.014029)[0m   [0;1mDROP TABLE chickens[0m
  [4;35;1mSQL (0.003635)[0m   [0mCREATE TABLE chickens ("id" INTEGER PRIMARY KEY NOT NULL, "name" varchar(255) DEFAULT NULL, "age" integer DEFAULT NULL) [0m
  [4;36;1mSQL (0.000000)[0m   [0;1mSQLite3::SQLException: table schema_info already exists: CREATE TABLE schema_info (version integer)[0m
  [4;35;1mSQL (0.003606)[0m   [0mUPDATE schema_info SET version = 0[0m
  [4;36;1mSQL (0.014202)[0m   [0;1mDROP TABLE chickens[0m
  [4;35;1mSQL (0.003457)[0m   [0mCREATE TABLE chickens ("id" INTEGER PRIMARY KEY NOT NULL, "name" varchar(255) DEFAULT NULL, "age" integer DEFAULT NULL) [0m
  [4;36;1mSQL (0.000000)[0m   [0;1mSQLite3::SQLException: table schema_info already exists: CREATE TABLE schema_info (version integer)[0m
  [4;35;1mSQL (0.003510)[0m   [0mUPDATE schema_info SET version = 0[0m
  [4;36;1mSQL (0.014481)[0m   [0;1mDROP TABLE chickens[0m
  [4;35;1mSQL (0.003545)[0m   [0mCREATE TABLE chickens ("id" INTEGER PRIMARY KEY NOT NULL, "name" varchar(255) DEFAULT NULL, "age" integer DEFAULT NULL) [0m
  [4;36;1mSQL (0.000000)[0m   [0;1mSQLite3::SQLException: table schema_info already exists: CREATE TABLE schema_info (version integer)[0m
  [4;35;1mSQL (0.003335)[0m   [0mUPDATE schema_info SET version = 0[0m
  [4;36;1mSQL (0.014352)[0m   [0;1mDROP TABLE chickens[0m
  [4;35;1mSQL (0.003598)[0m   [0mCREATE TABLE chickens ("id" INTEGER PRIMARY KEY NOT NULL, "name" varchar(255) DEFAULT NULL, "age" integer DEFAULT NULL) [0m
  [4;36;1mSQL (0.000000)[0m   [0;1mSQLite3::SQLException: table schema_info already exists: CREATE TABLE schema_info (version integer)[0m
  [4;35;1mSQL (0.003562)[0m   [0mUPDATE schema_info SET version = 0[0m
  [4;36;1mSQL (0.014314)[0m   [0;1mDROP TABLE chickens[0m
  [4;35;1mSQL (0.003561)[0m   [0mCREATE TABLE chickens ("id" INTEGER PRIMARY KEY NOT NULL, "name" varchar(255) DEFAULT NULL, "age" integer DEFAULT NULL) [0m
  [4;36;1mSQL (0.000000)[0m   [0;1mSQLite3::SQLException: table schema_info already exists: CREATE TABLE schema_info (version integer)[0m
  [4;35;1mSQL (0.003485)[0m   [0mUPDATE schema_info SET version = 0[0m
  [4;36;1mSQL (0.014369)[0m   [0;1mDROP TABLE chickens[0m
  [4;35;1mSQL (0.119861)[0m   [0mCREATE TABLE chickens ("id" INTEGER PRIMARY KEY NOT NULL, "name" varchar(255) DEFAULT NULL, "age" integer DEFAULT NULL) [0m
  [4;36;1mSQL (0.000000)[0m   [0;1mSQLite3::SQLException: table schema_info already exists: CREATE TABLE schema_info (version integer)[0m
  [4;35;1mSQL (0.003246)[0m   [0mUPDATE schema_info SET version = 0[0m
  [4;36;1mSQL (0.014290)[0m   [0;1mDROP TABLE chickens[0m
  [4;35;1mSQL (0.128239)[0m   [0mCREATE TABLE chickens ("id" INTEGER PRIMARY KEY NOT NULL, "name" varchar(255) DEFAULT NULL, "age" integer DEFAULT NULL) [0m
  [4;36;1mSQL (0.000000)[0m   [0;1mSQLite3::SQLException: table schema_info already exists: CREATE TABLE schema_info (version integer)[0m
  [4;35;1mSQL (0.002891)[0m   [0mUPDATE schema_info SET version = 0[0m
  [4;36;1mSQL (0.014334)[0m   [0;1mDROP TABLE chickens[0m
  [4;35;1mSQL (0.003268)[0m   [0mCREATE TABLE chickens ("id" INTEGER PRIMARY KEY NOT NULL, "name" varchar(255) DEFAULT NULL, "age" integer DEFAULT NULL) [0m
  [4;36;1mSQL (0.000000)[0m   [0;1mSQLite3::SQLException: table schema_info already exists: CREATE TABLE schema_info (version integer)[0m
  [4;35;1mSQL (0.003426)[0m   [0mUPDATE schema_info SET version = 0[0m
  [4;36;1mSQL (0.013929)[0m   [0;1mDROP TABLE chickens[0m
  [4;35;1mSQL (0.003340)[0m   [0mCREATE TABLE chickens ("id" INTEGER PRIMARY KEY NOT NULL, "name" varchar(255) DEFAULT NULL, "age" integer DEFAULT NULL) [0m
  [4;36;1mSQL (0.000000)[0m   [0;1mSQLite3::SQLException: table schema_info already exists: CREATE TABLE schema_info (version integer)[0m
  [4;35;1mSQL (0.003316)[0m   [0mUPDATE schema_info SET version = 0[0m
  [4;36;1mSQL (0.013837)[0m   [0;1mDROP TABLE chickens[0m
  [4;35;1mSQL (0.003642)[0m   [0mCREATE TABLE chickens ("id" INTEGER PRIMARY KEY NOT NULL, "name" varchar(255) DEFAULT NULL, "age" integer DEFAULT NULL) [0m
  [4;36;1mSQL (0.000000)[0m   [0;1mSQLite3::SQLException: table schema_info already exists: CREATE TABLE schema_info (version integer)[0m
  [4;35;1mSQL (0.003382)[0m   [0mUPDATE schema_info SET version = 0[0m
  [4;36;1mSQL (0.014038)[0m   [0;1mDROP TABLE chickens[0m
  [4;35;1mSQL (0.003617)[0m   [0mCREATE TABLE chickens ("id" INTEGER PRIMARY KEY NOT NULL, "name" varchar(255) DEFAULT NULL, "age" integer DEFAULT NULL) [0m
  [4;36;1mSQL (0.000000)[0m   [0;1mSQLite3::SQLException: table schema_info already exists: CREATE TABLE schema_info (version integer)[0m
  [4;35;1mSQL (0.003266)[0m   [0mUPDATE schema_info SET version = 0[0m
  [4;36;1mSQL (0.014007)[0m   [0;1mDROP TABLE chickens[0m
  [4;35;1mSQL (0.118689)[0m   [0mCREATE TABLE chickens ("id" INTEGER PRIMARY KEY NOT NULL, "name" varchar(255) DEFAULT NULL, "age" integer DEFAULT NULL) [0m
  [4;36;1mSQL (0.000000)[0m   [0;1mSQLite3::SQLException: table schema_info already exists: CREATE TABLE schema_info (version integer)[0m
  [4;35;1mSQL (0.003259)[0m   [0mUPDATE schema_info SET version = 0[0m
  [4;36;1mSQL (0.013957)[0m   [0;1mDROP TABLE chickens[0m
  [4;35;1mSQL (0.145618)[0m   [0mCREATE TABLE chickens ("id" INTEGER PRIMARY KEY NOT NULL, "name" varchar(255) DEFAULT NULL, "age" integer DEFAULT NULL) [0m
  [4;36;1mSQL (0.000000)[0m   [0;1mSQLite3::SQLException: table schema_info already exists: CREATE TABLE schema_info (version integer)[0m
  [4;35;1mSQL (0.003282)[0m   [0mUPDATE schema_info SET version = 0[0m
  [4;36;1mSQL (0.014191)[0m   [0;1mDROP TABLE chickens[0m
  [4;35;1mSQL (0.148988)[0m   [0mCREATE TABLE chickens ("id" INTEGER PRIMARY KEY NOT NULL, "name" varchar(255) DEFAULT NULL, "age" integer DEFAULT NULL) [0m
  [4;36;1mSQL (0.000000)[0m   [0;1mSQLite3::SQLException: table schema_info already exists: CREATE TABLE schema_info (version integer)[0m
  [4;35;1mSQL (0.002867)[0m   [0mUPDATE schema_info SET version = 0[0m
  [4;36;1mSQL (0.014309)[0m   [0;1mDROP TABLE chickens[0m
  [4;35;1mSQL (0.267902)[0m   [0mCREATE TABLE chickens ("id" INTEGER PRIMARY KEY NOT NULL, "name" varchar(255) DEFAULT NULL, "age" integer DEFAULT NULL) [0m
  [4;36;1mSQL (0.000000)[0m   [0;1mSQLite3::SQLException: table schema_info already exists: CREATE TABLE schema_info (version integer)[0m
  [4;35;1mSQL (0.003209)[0m   [0mUPDATE schema_info SET version = 0[0m
  [4;36;1mSQL (0.013869)[0m   [0;1mDROP TABLE chickens[0m
  [4;35;1mSQL (0.142963)[0m   [0mCREATE TABLE chickens ("id" INTEGER PRIMARY KEY NOT NULL, "name" varchar(255) DEFAULT NULL, "age" integer DEFAULT NULL) [0m
  [4;36;1mSQL (0.000000)[0m   [0;1mSQLite3::SQLException: table schema_info already exists: CREATE TABLE schema_info (version integer)[0m
  [4;35;1mSQL (0.002859)[0m   [0mUPDATE schema_info SET version = 0[0m
  [4;36;1mSQL (0.013939)[0m   [0;1mDROP TABLE chickens[0m
  [4;35;1mSQL (0.003576)[0m   [0mCREATE TABLE chickens ("id" INTEGER PRIMARY KEY NOT NULL, "name" varchar(255) DEFAULT NULL, "age" integer DEFAULT NULL) [0m
  [4;36;1mSQL (0.000000)[0m   [0;1mSQLite3::SQLException: table schema_info already exists: CREATE TABLE schema_info (version integer)[0m
  [4;35;1mSQL (0.003479)[0m   [0mUPDATE schema_info SET version = 0[0m
  [4;36;1mSQL (0.014305)[0m   [0;1mDROP TABLE chickens[0m
  [4;35;1mSQL (0.113888)[0m   [0mCREATE TABLE chickens ("id" INTEGER PRIMARY KEY NOT NULL, "name" varchar(255) DEFAULT NULL, "age" integer DEFAULT NULL) [0m
  [4;36;1mSQL (0.000000)[0m   [0;1mSQLite3::SQLException: table schema_info already exists: CREATE TABLE schema_info (version integer)[0m
  [4;35;1mSQL (0.003047)[0m   [0mUPDATE schema_info SET version = 0[0m
  [4;36;1mSQL (0.013906)[0m   [0;1mDROP TABLE chickens[0m
  [4;35;1mSQL (0.003654)[0m   [0mCREATE TABLE chickens ("id" INTEGER PRIMARY KEY NOT NULL, "name" varchar(255) DEFAULT NULL, "age" integer DEFAULT NULL) [0m
  [4;36;1mSQL (0.000000)[0m   [0;1mSQLite3::SQLException: table schema_info already exists: CREATE TABLE schema_info (version integer)[0m
  [4;35;1mSQL (0.003518)[0m   [0mUPDATE schema_info SET version = 0[0m
  [4;36;1mSQL (0.014306)[0m   [0;1mDROP TABLE chickens[0m
  [4;35;1mSQL (0.003543)[0m   [0mCREATE TABLE chickens ("id" INTEGER PRIMARY KEY NOT NULL, "name" varchar(255) DEFAULT NULL, "age" integer DEFAULT NULL) [0m
  [4;36;1mSQL (0.000000)[0m   [0;1mSQLite3::SQLException: table schema_info already exists: CREATE TABLE schema_info (version integer)[0m
  [4;35;1mSQL (0.003477)[0m   [0mUPDATE schema_info SET version = 0[0m
  [4;36;1mSQL (0.013992)[0m   [0;1mDROP TABLE chickens[0m
  [4;35;1mSQL (0.003656)[0m   [0mCREATE TABLE chickens ("id" INTEGER PRIMARY KEY NOT NULL, "name" varchar(255) DEFAULT NULL, "age" integer DEFAULT NULL) [0m
  [4;36;1mSQL (0.000000)[0m   [0;1mSQLite3::SQLException: table schema_info already exists: CREATE TABLE schema_info (version integer)[0m
  [4;35;1mSQL (0.003544)[0m   [0mUPDATE schema_info SET version = 0[0m
  [4;36;1mSQL (0.014203)[0m   [0;1mDROP TABLE chickens[0m
  [4;35;1mSQL (0.106866)[0m   [0mCREATE TABLE chickens ("id" INTEGER PRIMARY KEY NOT NULL, "name" varchar(255) DEFAULT NULL, "age" integer DEFAULT NULL) [0m
  [4;36;1mSQL (0.000000)[0m   [0;1mSQLite3::SQLException: table schema_info already exists: CREATE TABLE schema_info (version integer)[0m
  [4;35;1mSQL (0.002910)[0m   [0mUPDATE schema_info SET version = 0[0m
  [4;36;1mSQL (0.013758)[0m   [0;1mDROP TABLE chickens[0m
  [4;35;1mSQL (0.136627)[0m   [0mCREATE TABLE chickens ("id" INTEGER PRIMARY KEY NOT NULL, "name" varchar(255) DEFAULT NULL, "age" integer DEFAULT NULL) [0m
  [4;36;1mSQL (0.000000)[0m   [0;1mSQLite3::SQLException: table schema_info already exists: CREATE TABLE schema_info (version integer)[0m
  [4;35;1mSQL (0.002872)[0m   [0mUPDATE schema_info SET version = 0[0m
  [4;36;1mSQL (0.014400)[0m   [0;1mDROP TABLE chickens[0m
  [4;35;1mSQL (0.003625)[0m   [0mCREATE TABLE chickens ("id" INTEGER PRIMARY KEY NOT NULL, "name" varchar(255) DEFAULT NULL, "age" integer DEFAULT NULL) [0m
  [4;36;1mSQL (0.000000)[0m   [0;1mSQLite3::SQLException: table schema_info already exists: CREATE TABLE schema_info (version integer)[0m
  [4;35;1mSQL (0.003349)[0m   [0mUPDATE schema_info SET version = 0[0m
  [4;36;1mSQL (0.014276)[0m   [0;1mDROP TABLE chickens[0m
  [4;35;1mSQL (0.264648)[0m   [0mCREATE TABLE chickens ("id" INTEGER PRIMARY KEY NOT NULL, "name" varchar(255) DEFAULT NULL, "age" integer DEFAULT NULL) [0m
  [4;36;1mSQL (0.000000)[0m   [0;1mSQLite3::SQLException: table schema_info already exists: CREATE TABLE schema_info (version integer)[0m
  [4;35;1mSQL (0.003281)[0m   [0mUPDATE schema_info SET version = 0[0m
  [4;36;1mSQL (0.014350)[0m   [0;1mDROP TABLE chickens[0m
  [4;35;1mSQL (0.003560)[0m   [0mCREATE TABLE chickens ("id" INTEGER PRIMARY KEY NOT NULL, "name" varchar(255) DEFAULT NULL, "age" integer DEFAULT NULL) [0m
  [4;36;1mSQL (0.000000)[0m   [0;1mSQLite3::SQLException: table schema_info already exists: CREATE TABLE schema_info (version integer)[0m
  [4;35;1mSQL (0.003396)[0m   [0mUPDATE schema_info SET version = 0[0m
  [4;36;1mSQL (0.004108)[0m   [0;1mDROP TABLE chickens[0m
  [4;35;1mSQL (0.133145)[0m   [0mCREATE TABLE chickens ("id" INTEGER PRIMARY KEY NOT NULL, "name" varchar(255) DEFAULT NULL, "age" integer DEFAULT NULL, "ssn" varchar(255) DEFAULT NULL) [0m
  [4;36;1mSQL (0.000000)[0m   [0;1mSQLite3::SQLException: table schema_info already exists: CREATE TABLE schema_info (version integer)[0m
  [4;35;1mSQL (0.003152)[0m   [0mUPDATE schema_info SET version = 0[0m
  [4;36;1mSQL (0.013820)[0m   [0;1mDROP TABLE chickens[0m
  [4;35;1mSQL (0.003177)[0m   [0mCREATE TABLE chickens ("id" INTEGER PRIMARY KEY NOT NULL, "name" varchar(255) DEFAULT NULL, "age" integer DEFAULT NULL, "ssn" varchar(255) DEFAULT NULL) [0m
  [4;36;1mSQL (0.000000)[0m   [0;1mSQLite3::SQLException: table schema_info already exists: CREATE TABLE schema_info (version integer)[0m
  [4;35;1mSQL (0.003106)[0m   [0mUPDATE schema_info SET version = 0[0m
  [4;36;1mSQL (0.013727)[0m   [0;1mDROP TABLE chickens[0m
  [4;35;1mSQL (0.117120)[0m   [0mCREATE TABLE chickens ("id" INTEGER PRIMARY KEY NOT NULL, "name" varchar(255) DEFAULT NULL, "age" integer DEFAULT NULL, "ssn" varchar(255) DEFAULT NULL) [0m
  [4;36;1mSQL (0.000000)[0m   [0;1mSQLite3::SQLException: table schema_info already exists: CREATE TABLE schema_info (version integer)[0m
  [4;35;1mSQL (0.002777)[0m   [0mUPDATE schema_info SET version = 0[0m
  [4;36;1mSQL (0.013800)[0m   [0;1mDROP TABLE chickens[0m
  [4;35;1mSQL (0.125527)[0m   [0mCREATE TABLE chickens ("id" INTEGER PRIMARY KEY NOT NULL, "name" varchar(255) DEFAULT NULL, "age" integer DEFAULT NULL, "ssn" varchar(255) DEFAULT NULL) [0m
  [4;36;1mSQL (0.000000)[0m   [0;1mSQLite3::SQLException: table schema_info already exists: CREATE TABLE schema_info (version integer)[0m
  [4;35;1mSQL (0.003224)[0m   [0mUPDATE schema_info SET version = 0[0m
  [4;36;1mSQL (0.011889)[0m   [0;1mDROP TABLE chickens[0m
  [4;35;1mSQL (0.448549)[0m   [0mCREATE TABLE chickens ("id" INTEGER PRIMARY KEY NOT NULL, "name" varchar(255) DEFAULT NULL, "age" integer DEFAULT NULL, "ssn" varchar(255) DEFAULT NULL) [0m
  [4;36;1mSQL (0.000000)[0m   [0;1mSQLite3::SQLException: table schema_info already exists: CREATE TABLE schema_info (version integer)[0m
  [4;35;1mSQL (0.002675)[0m   [0mUPDATE schema_info SET version = 0[0m
  [4;36;1mSQL (0.014261)[0m   [0;1mDROP TABLE chickens[0m
  [4;35;1mSQL (0.003195)[0m   [0mCREATE TABLE chickens ("id" INTEGER PRIMARY KEY NOT NULL, "name" varchar(255) DEFAULT NULL, "age" integer DEFAULT NULL, "ssn" varchar(255) DEFAULT NULL) [0m
  [4;36;1mSQL (0.000000)[0m   [0;1mSQLite3::SQLException: table schema_info already exists: CREATE TABLE schema_info (version integer)[0m
  [4;35;1mSQL (0.003094)[0m   [0mUPDATE schema_info SET version = 0[0m
  [4;36;1mSQL (0.014244)[0m   [0;1mDROP TABLE chickens[0m
  [4;35;1mSQL (0.250885)[0m   [0mCREATE TABLE chickens ("id" INTEGER PRIMARY KEY NOT NULL, "name" varchar(255) DEFAULT NULL, "age" integer DEFAULT NULL, "ssn" varchar(255) DEFAULT NULL) [0m
  [4;36;1mSQL (0.000000)[0m   [0;1mSQLite3::SQLException: table schema_info already exists: CREATE TABLE schema_info (version integer)[0m
  [4;35;1mSQL (0.003023)[0m   [0mUPDATE schema_info SET version = 0[0m
  [4;36;1mSQL (0.013936)[0m   [0;1mDROP TABLE chickens[0m
  [4;35;1mSQL (0.003057)[0m   [0mCREATE TABLE chickens ("id" INTEGER PRIMARY KEY NOT NULL, "name" varchar(255) DEFAULT NULL, "age" integer DEFAULT NULL, "ssn" varchar(255) DEFAULT NULL) [0m
  [4;36;1mSQL (0.000000)[0m   [0;1mSQLite3::SQLException: table schema_info already exists: CREATE TABLE schema_info (version integer)[0m
  [4;35;1mSQL (0.002738)[0m   [0mUPDATE schema_info SET version = 0[0m
  [4;36;1mSQL (0.012023)[0m   [0;1mDROP TABLE chickens[0m
  [4;35;1mSQL (0.438737)[0m   [0mCREATE TABLE chickens ("id" INTEGER PRIMARY KEY NOT NULL, "name" varchar(255) DEFAULT NULL, "age" integer DEFAULT NULL, "ssn" varchar(255) DEFAULT NULL) [0m
  [4;36;1mSQL (0.000000)[0m   [0;1mSQLite3::SQLException: table schema_info already exists: CREATE TABLE schema_info (version integer)[0m
  [4;35;1mSQL (0.003874)[0m   [0mUPDATE schema_info SET version = 0[0m
  [4;36;1mSQL (0.013989)[0m   [0;1mDROP TABLE chickens[0m
  [4;35;1mSQL (0.137586)[0m   [0mCREATE TABLE chickens ("id" INTEGER PRIMARY KEY NOT NULL, "name" varchar(255) DEFAULT NULL, "age" integer DEFAULT NULL, "ssn" varchar(255) DEFAULT NULL) [0m
  [4;36;1mSQL (0.000000)[0m   [0;1mSQLite3::SQLException: table schema_info already exists: CREATE TABLE schema_info (version integer)[0m
  [4;35;1mSQL (0.002923)[0m   [0mUPDATE schema_info SET version = 0[0m
  [4;36;1mSQL (0.000245)[0m   [0;1mSELECT count(*) AS count_all FROM chickens [0m
  [4;35;1mSQL (0.000372)[0m   [0mINSERT INTO chickens ("name", "ssn", "age") VALUES(NULL, NULL, NULL)[0m
  [4;36;1mSQL (0.000379)[0m   [0;1mSELECT count(*) AS count_all FROM chickens [0m
  [4;36;1mSQL (0.013841)[0m   [0;1mDROP TABLE chickens[0m
  [4;35;1mSQL (0.138491)[0m   [0mCREATE TABLE chickens ("id" INTEGER PRIMARY KEY NOT NULL, "name" varchar(255) DEFAULT NULL, "age" integer DEFAULT NULL, "ssn" varchar(255) DEFAULT NULL) [0m
  [4;36;1mSQL (0.000000)[0m   [0;1mSQLite3::SQLException: table schema_info already exists: CREATE TABLE schema_info (version integer)[0m
  [4;35;1mSQL (0.002837)[0m   [0mUPDATE schema_info SET version = 0[0m
  [4;36;1mSQL (0.000283)[0m   [0;1mSELECT count(*) AS count_all FROM chickens [0m
  [4;35;1mSQL (0.000368)[0m   [0mINSERT INTO chickens ("name", "ssn", "age") VALUES(NULL, NULL, NULL)[0m
  [4;36;1mSQL (0.000375)[0m   [0;1mSELECT count(*) AS count_all FROM chickens [0m
  [4;36;1mSQL (0.014119)[0m   [0;1mDROP TABLE chickens[0m
  [4;35;1mSQL (0.137662)[0m   [0mCREATE TABLE chickens ("id" INTEGER PRIMARY KEY NOT NULL, "name" varchar(255) DEFAULT NULL, "age" integer DEFAULT NULL, "ssn" varchar(255) DEFAULT NULL) [0m
  [4;36;1mSQL (0.000000)[0m   [0;1mSQLite3::SQLException: table schema_info already exists: CREATE TABLE schema_info (version integer)[0m
  [4;35;1mSQL (0.002869)[0m   [0mUPDATE schema_info SET version = 0[0m
  [4;36;1mSQL (0.000242)[0m   [0;1mSELECT count(*) AS count_all FROM chickens [0m
  [4;35;1mSQL (0.000380)[0m   [0mINSERT INTO chickens ("name", "ssn", "age") VALUES(NULL, NULL, NULL)[0m
  [4;36;1mSQL (0.000395)[0m   [0;1mSELECT count(*) AS count_all FROM chickens [0m
  [4;36;1mSQL (0.013923)[0m   [0;1mDROP TABLE chickens[0m
  [4;35;1mSQL (0.116165)[0m   [0mCREATE TABLE chickens ("id" INTEGER PRIMARY KEY NOT NULL, "name" varchar(255) DEFAULT NULL, "age" integer DEFAULT NULL, "ssn" varchar(255) DEFAULT NULL) [0m
  [4;36;1mSQL (0.000000)[0m   [0;1mSQLite3::SQLException: table schema_info already exists: CREATE TABLE schema_info (version integer)[0m
  [4;35;1mSQL (0.002736)[0m   [0mUPDATE schema_info SET version = 0[0m
  [4;36;1mSQL (0.000245)[0m   [0;1mSELECT count(*) AS count_all FROM chickens [0m
  [4;35;1mSQL (0.000340)[0m   [0mINSERT INTO chickens ("name", "ssn", "age") VALUES(NULL, NULL, NULL)[0m
  [4;36;1mSQL (0.000413)[0m   [0;1mSELECT count(*) AS count_all FROM chickens [0m
  [4;36;1mSQL (0.013769)[0m   [0;1mDROP TABLE chickens[0m
  [4;35;1mSQL (0.149399)[0m   [0mCREATE TABLE chickens ("id" INTEGER PRIMARY KEY NOT NULL, "name" varchar(255) DEFAULT NULL, "age" integer DEFAULT NULL, "ssn" varchar(255) DEFAULT NULL) [0m
  [4;36;1mSQL (0.000000)[0m   [0;1mSQLite3::SQLException: table schema_info already exists: CREATE TABLE schema_info (version integer)[0m
  [4;35;1mSQL (0.002831)[0m   [0mUPDATE schema_info SET version = 0[0m
  [4;36;1mSQL (0.000249)[0m   [0;1mSELECT count(*) AS count_all FROM chickens [0m
  [4;35;1mSQL (0.000336)[0m   [0mINSERT INTO chickens ("name", "ssn", "age") VALUES(NULL, NULL, NULL)[0m
  [4;36;1mSQL (0.000384)[0m   [0;1mSELECT count(*) AS count_all FROM chickens [0m
  [4;36;1mSQL (0.013885)[0m   [0;1mDROP TABLE chickens[0m
  [4;35;1mSQL (0.003732)[0m   [0mCREATE TABLE chickens ("id" INTEGER PRIMARY KEY NOT NULL, "name" varchar(255) DEFAULT NULL, "age" integer DEFAULT NULL, "ssn" varchar(255) DEFAULT NULL) [0m
  [4;36;1mSQL (0.000000)[0m   [0;1mSQLite3::SQLException: table schema_info already exists: CREATE TABLE schema_info (version integer)[0m
  [4;35;1mSQL (0.003506)[0m   [0mUPDATE schema_info SET version = 0[0m
  [4;36;1mSQL (0.000267)[0m   [0;1mSELECT count(*) AS count_all FROM chickens [0m
  [4;35;1mSQL (0.000343)[0m   [0mINSERT INTO chickens ("name", "ssn", "age") VALUES(NULL, NULL, NULL)[0m
  [4;36;1mSQL (0.000392)[0m   [0;1mSELECT count(*) AS count_all FROM chickens [0m
  [4;36;1mSQL (0.014095)[0m   [0;1mDROP TABLE chickens[0m
  [4;35;1mSQL (0.128973)[0m   [0mCREATE TABLE chickens ("id" INTEGER PRIMARY KEY NOT NULL, "name" varchar(255) DEFAULT NULL, "age" integer DEFAULT NULL, "ssn" varchar(255) DEFAULT NULL) [0m
  [4;36;1mSQL (0.000000)[0m   [0;1mSQLite3::SQLException: table schema_info already exists: CREATE TABLE schema_info (version integer)[0m
  [4;35;1mSQL (0.002632)[0m   [0mUPDATE schema_info SET version = 0[0m
  [4;36;1mSQL (0.000246)[0m   [0;1mSELECT count(*) AS count_all FROM chickens [0m
  [4;35;1mSQL (0.000341)[0m   [0mINSERT INTO chickens ("name", "ssn", "age") VALUES(NULL, NULL, NULL)[0m
  [4;36;1mSQL (0.000393)[0m   [0;1mSELECT count(*) AS count_all FROM chickens [0m
